1509697606549	geckodriver	INFO	geckodriver 0.18.0
1509697606567	geckodriver	INFO	Listening on 127.0.0.1:58198
1509697608632	geckodriver::marionette	INFO	Starting browser C:\Program Files (x86)\Mozilla Firefox\firefox.exe with args ["-marionette"]
1509697609343	addons.xpi	WARN	Error parsing extensions state: [Exception... "Component returned failure code: 0x80520012 (NS_ERROR_FILE_NOT_FOUND) [amIAddonManagerStartup.readStartupData]"  nsresult: "0x80520012 (NS_ERROR_FILE_NOT_FOUND)"  location: "JS frame :: resource://gre/modules/addons/XPIProvider.jsm :: loadExtensionState :: line 1554"  data: no] Stack trace: loadExtensionState()@resource://gre/modules/addons/XPIProvider.jsm:1554 < getInstallState()@resource://gre/modules/addons/XPIProvider.jsm:1589 < checkForChanges()@resource://gre/modules/addons/XPIProvider.jsm:3109 < startup()@resource://gre/modules/addons/XPIProvider.jsm:2188 < callProvider()@resource://gre/modules/AddonManager.jsm:269 < _startProvider()@resource://gre/modules/AddonManager.jsm:739 < startup()@resource://gre/modules/AddonManager.jsm:906 < startup()@resource://gre/modules/AddonManager.jsm:3090 < observe()@jar:file:///C:/Program%20Files%20(x86)/Mozilla%20Firefox/omni.ja!/components/addonManager.js:65
1509697609892	Marionette	INFO	Enabled via --marionette
Unable to read VR Path Registry from C:\Users\chenxu\AppData\Local\openvr\openvrpaths.vrpath
[Child 13444] WARNING: pipe error: 109: file z:/build/build/src/ipc/chromium/src/chrome/common/ipc_channel_win.cc, line 346
1509697612882	Marionette	INFO	Listening on port 58218
1509697613932	Marionette	WARN	TLS certificate errors will be ignored for this session
1509697613973	Marionette	DEBUG	Register listener.js for window 4294967297
1509697614023	Marionette	DEBUG	Received DOM event "beforeunload" for "about:blank"
1509697614471	Marionette	DEBUG	Received DOM event "pagehide" for "about:blank"
1509697614471	Marionette	DEBUG	Received DOM event "unload" for "about:blank"
1509697614848	Marionette	DEBUG	Received DOM event "DOMContentLoaded" for "http://t.efang100.cc/login"
1509697615457	Marionette	DEBUG	Received DOM event "pageshow" for "http://t.efang100.cc/login"
1509697615573	Marionette	DEBUG	Received DOM event "beforeunload" for "http://t.efang100.cc/login"
1509697615887	Marionette	DEBUG	Received DOM event "pagehide" for "http://t.efang100.cc/login"
1509697615887	Marionette	DEBUG	Received DOM event "unload" for "http://t.efang100.cc/login"
1509697615962	Marionette	DEBUG	Received DOM event "DOMContentLoaded" for "http://t.efang100.cc/login"
1509697616209	Marionette	DEBUG	Received DOM event "pageshow" for "http://t.efang100.cc/login"
Unable to read VR Path Registry from C:\Users\chenxu\AppData\Local\openvr\openvrpaths.vrpath
[Child 5560] WARNING: pipe error: 109: file z:/build/build/src/ipc/chromium/src/chrome/common/ipc_channel_win.cc, line 346
[Child 5560] WARNING: pipe error: 109: file z:/build/build/src/ipc/chromium/src/chrome/common/ipc_channel_win.cc, line 346

###!!! [Child][MessageChannel::SendAndWait] Error: Channel error: cannot send/recv

Unable to read VR Path Registry from C:\Users\chenxu\AppData\Local\openvr\openvrpaths.vrpath
1509697694845	geckodriver	INFO	geckodriver 0.18.0
1509697694857	geckodriver	INFO	Listening on 127.0.0.1:58418
1509697696921	geckodriver::marionette	INFO	Starting browser C:\Program Files (x86)\Mozilla Firefox\firefox.exe with args ["-marionette"]
1509697697636	addons.xpi	WARN	Error parsing extensions state: [Exception... "Component returned failure code: 0x80520012 (NS_ERROR_FILE_NOT_FOUND) [amIAddonManagerStartup.readStartupData]"  nsresult: "0x80520012 (NS_ERROR_FILE_NOT_FOUND)"  location: "JS frame :: resource://gre/modules/addons/XPIProvider.jsm :: loadExtensionState :: line 1554"  data: no] Stack trace: loadExtensionState()@resource://gre/modules/addons/XPIProvider.jsm:1554 < getInstallState()@resource://gre/modules/addons/XPIProvider.jsm:1589 < checkForChanges()@resource://gre/modules/addons/XPIProvider.jsm:3109 < startup()@resource://gre/modules/addons/XPIProvider.jsm:2188 < callProvider()@resource://gre/modules/AddonManager.jsm:269 < _startProvider()@resource://gre/modules/AddonManager.jsm:739 < startup()@resource://gre/modules/AddonManager.jsm:906 < startup()@resource://gre/modules/AddonManager.jsm:3090 < observe()@jar:file:///C:/Program%20Files%20(x86)/Mozilla%20Firefox/omni.ja!/components/addonManager.js:65
1509697698121	Marionette	INFO	Enabled via --marionette
Unable to read VR Path Registry from C:\Users\chenxu\AppData\Local\openvr\openvrpaths.vrpath
[Child 8416] WARNING: pipe error: 109: file z:/build/build/src/ipc/chromium/src/chrome/common/ipc_channel_win.cc, line 346
[Child 8416] WARNING: pipe error: 109: file z:/build/build/src/ipc/chromium/src/chrome/common/ipc_channel_win.cc, line 346
1509697700841	Marionette	INFO	Listening on port 58426
1509697701087	Marionette	WARN	TLS certificate errors will be ignored for this session
1509697701140	Marionette	DEBUG	Register listener.js for window 4294967297
1509697701186	Marionette	DEBUG	Received DOM event "beforeunload" for "about:blank"
1509697701784	Marionette	DEBUG	Received DOM event "pagehide" for "about:blank"
1509697701784	Marionette	DEBUG	Received DOM event "unload" for "about:blank"
1509697702025	Marionette	DEBUG	Received DOM event "DOMContentLoaded" for "http://t.efang100.cc/login"
1509697702311	Marionette	DEBUG	Received DOM event "pageshow" for "http://t.efang100.cc/login"
1509697702347	Marionette	DEBUG	Received DOM event "beforeunload" for "http://t.efang100.cc/login"
1509697702790	Marionette	DEBUG	Received DOM event "pagehide" for "http://t.efang100.cc/login"
1509697702790	Marionette	DEBUG	Received DOM event "unload" for "http://t.efang100.cc/login"
1509697702865	Marionette	DEBUG	Received DOM event "DOMContentLoaded" for "http://t.efang100.cc/login"
1509697703046	Marionette	DEBUG	Received DOM event "pageshow" for "http://t.efang100.cc/login"
1509697706062	Marionette	INFO	New connections will no longer be accepted
1509698758279	geckodriver	INFO	geckodriver 0.18.0
1509698758293	geckodriver	INFO	Listening on 127.0.0.1:60608
1509698760335	geckodriver::marionette	INFO	Starting browser C:\Program Files (x86)\Mozilla Firefox\firefox.exe with args ["-marionette"]
1509698761017	addons.xpi	WARN	Error parsing extensions state: [Exception... "Component returned failure code: 0x80520012 (NS_ERROR_FILE_NOT_FOUND) [amIAddonManagerStartup.readStartupData]"  nsresult: "0x80520012 (NS_ERROR_FILE_NOT_FOUND)"  location: "JS frame :: resource://gre/modules/addons/XPIProvider.jsm :: loadExtensionState :: line 1554"  data: no] Stack trace: loadExtensionState()@resource://gre/modules/addons/XPIProvider.jsm:1554 < getInstallState()@resource://gre/modules/addons/XPIProvider.jsm:1589 < checkForChanges()@resource://gre/modules/addons/XPIProvider.jsm:3109 < startup()@resource://gre/modules/addons/XPIProvider.jsm:2188 < callProvider()@resource://gre/modules/AddonManager.jsm:269 < _startProvider()@resource://gre/modules/AddonManager.jsm:739 < startup()@resource://gre/modules/AddonManager.jsm:906 < startup()@resource://gre/modules/AddonManager.jsm:3090 < observe()@jar:file:///C:/Program%20Files%20(x86)/Mozilla%20Firefox/omni.ja!/components/addonManager.js:65
1509698761499	Marionette	INFO	Enabled via --marionette
Unable to read VR Path Registry from C:\Users\chenxu\AppData\Local\openvr\openvrpaths.vrpath
[Child 16316] WARNING: pipe error: 109: file z:/build/build/src/ipc/chromium/src/chrome/common/ipc_channel_win.cc, line 346
[Child 16316] WARNING: pipe error: 109: file z:/build/build/src/ipc/chromium/src/chrome/common/ipc_channel_win.cc, line 346
1509698764093	Marionette	INFO	Listening on port 60614
1509698764480	Marionette	WARN	TLS certificate errors will be ignored for this session
1509698764523	Marionette	DEBUG	Register listener.js for window 4294967297
1509698764555	Marionette	DEBUG	Received DOM event "beforeunload" for "about:blank"
1509698764725	Marionette	DEBUG	Received DOM event "pagehide" for "about:blank"
1509698764725	Marionette	DEBUG	Received DOM event "unload" for "about:blank"
Unable to read VR Path Registry from C:\Users\chenxu\AppData\Local\openvr\openvrpaths.vrpath
JavaScript error: https://ss1.bdstatic.com/5eN1bjq8AAUYm2zgoY3K/r/www/cache/static/protocol/https/plugins/every_cookie_4644b13.js, line 4: ReferenceError: c is not defined
1509698765150	Marionette	DEBUG	Received DOM event "DOMContentLoaded" for "https://www.baidu.com/"
1509698765226	Marionette	DEBUG	Received DOM event "pageshow" for "https://www.baidu.com/"
1509698765256	Marionette	DEBUG	Received DOM event "beforeunload" for "https://www.baidu.com/"
1509698765733	Marionette	DEBUG	Received DOM event "pagehide" for "https://www.baidu.com/"
1509698765746	Marionette	DEBUG	Received DOM event "unload" for "https://www.baidu.com/"
1509698766445	Marionette	DEBUG	Received DOM event "DOMContentLoaded" for "https://www.baidu.com/"
1509698768390	Marionette	DEBUG	Received DOM event "pageshow" for "https://www.baidu.com/"
1509698768473	Marionette	INFO	New connections will no longer be accepted
1509949031916	geckodriver	INFO	geckodriver 0.18.0
1509949031933	geckodriver	INFO	Listening on 127.0.0.1:59454
1509949034028	geckodriver::marionette	INFO	Starting browser C:\Program Files (x86)\Mozilla Firefox\firefox.exe with args ["-marionette"]
1509949034823	addons.xpi	WARN	Error parsing extensions state: [Exception... "Component returned failure code: 0x80520012 (NS_ERROR_FILE_NOT_FOUND) [amIAddonManagerStartup.readStartupData]"  nsresult: "0x80520012 (NS_ERROR_FILE_NOT_FOUND)"  location: "JS frame :: resource://gre/modules/addons/XPIProvider.jsm :: loadExtensionState :: line 1554"  data: no] Stack trace: loadExtensionState()@resource://gre/modules/addons/XPIProvider.jsm:1554 < getInstallState()@resource://gre/modules/addons/XPIProvider.jsm:1589 < checkForChanges()@resource://gre/modules/addons/XPIProvider.jsm:3109 < startup()@resource://gre/modules/addons/XPIProvider.jsm:2188 < callProvider()@resource://gre/modules/AddonManager.jsm:269 < _startProvider()@resource://gre/modules/AddonManager.jsm:739 < startup()@resource://gre/modules/AddonManager.jsm:906 < startup()@resource://gre/modules/AddonManager.jsm:3090 < observe()@jar:file:///C:/Program%20Files%20(x86)/Mozilla%20Firefox/omni.ja!/components/addonManager.js:65
1509949035332	Marionette	INFO	Enabled via --marionette
1509949038449	Marionette	INFO	Listening on port 59466
1509949039298	Marionette	WARN	TLS certificate errors will be ignored for this session
1509949039357	Marionette	DEBUG	Register listener.js for window 4294967297
1509949039407	Marionette	DEBUG	Received DOM event "beforeunload" for "about:blank"
1509949039755	Marionette	DEBUG	Received DOM event "pagehide" for "about:blank"
1509949039756	Marionette	DEBUG	Received DOM event "unload" for "about:blank"
1509949040010	Marionette	DEBUG	Received DOM event "DOMContentLoaded" for "http://t.efang100.cc/login"
1509949040363	Marionette	DEBUG	Received DOM event "pageshow" for "http://t.efang100.cc/login"
1509949040380	Marionette	DEBUG	Received DOM event "beforeunload" for "http://t.efang100.cc/login"
1509949040738	Marionette	DEBUG	Received DOM event "pagehide" for "http://t.efang100.cc/login"
1509949040738	Marionette	DEBUG	Received DOM event "unload" for "http://t.efang100.cc/login"
1509949040954	Marionette	DEBUG	Received DOM event "DOMContentLoaded" for "http://t.efang100.cc/"
1509949041073	Marionette	DEBUG	Received DOM event "pageshow" for "http://t.efang100.cc/"
1509949041417	Marionette	DEBUG	Canceled page load listener because no navigation has been detected
Unable to read VR Path Registry from C:\Users\chenxu\AppData\Local\openvr\openvrpaths.vrpath
[Parent 17572] WARNING: pipe error: 109: file z:/build/build/src/ipc/chromium/src/chrome/common/ipc_channel_win.cc, line 346
[Parent 17572] WARNING: pipe error: 109: file z:/build/build/src/ipc/chromium/src/chrome/common/ipc_channel_win.cc, line 346
Unable to read VR Path Registry from C:\Users\chenxu\AppData\Local\openvr\openvrpaths.vrpath
[Child 13176] WARNING: pipe error: 109: file z:/build/build/src/ipc/chromium/src/chrome/common/ipc_channel_win.cc, line 346
[Child 13176] WARNING: pipe error: 109: file z:/build/build/src/ipc/chromium/src/chrome/common/ipc_channel_win.cc, line 346
Unable to read VR Path Registry from C:\Users\chenxu\AppData\Local\openvr\openvrpaths.vrpath
[Child 8316] WARNING: pipe error: 109: file z:/build/build/src/ipc/chromium/src/chrome/common/ipc_channel_win.cc, line 346
*** UTM:SVC TimerManager:registerTimer called after profile-before-change notification. Ignoring timer registration for id: telemetry_modules_ping

###!!! [Child][MessageChannel::SendAndWait] Error: Channel error: cannot send/recv

1509949091891	geckodriver	INFO	geckodriver 0.18.0
1509949091907	geckodriver	INFO	Listening on 127.0.0.1:59651
1509949093958	geckodriver::marionette	INFO	Starting browser C:\Program Files (x86)\Mozilla Firefox\firefox.exe with args ["-marionette"]
1509949094674	addons.xpi	WARN	Error parsing extensions state: [Exception... "Component returned failure code: 0x80520012 (NS_ERROR_FILE_NOT_FOUND) [amIAddonManagerStartup.readStartupData]"  nsresult: "0x80520012 (NS_ERROR_FILE_NOT_FOUND)"  location: "JS frame :: resource://gre/modules/addons/XPIProvider.jsm :: loadExtensionState :: line 1554"  data: no] Stack trace: loadExtensionState()@resource://gre/modules/addons/XPIProvider.jsm:1554 < getInstallState()@resource://gre/modules/addons/XPIProvider.jsm:1589 < checkForChanges()@resource://gre/modules/addons/XPIProvider.jsm:3109 < startup()@resource://gre/modules/addons/XPIProvider.jsm:2188 < callProvider()@resource://gre/modules/AddonManager.jsm:269 < _startProvider()@resource://gre/modules/AddonManager.jsm:739 < startup()@resource://gre/modules/AddonManager.jsm:906 < startup()@resource://gre/modules/AddonManager.jsm:3090 < observe()@jar:file:///C:/Program%20Files%20(x86)/Mozilla%20Firefox/omni.ja!/components/addonManager.js:65
1509949095154	Marionette	INFO	Enabled via --marionette
1509949097883	Marionette	INFO	Listening on port 59659
1509949098114	Marionette	WARN	TLS certificate errors will be ignored for this session
1509949098200	Marionette	DEBUG	Register listener.js for window 6442450945
1509949098292	Marionette	DEBUG	Received DOM event "beforeunload" for "about:blank"
1509949098609	Marionette	DEBUG	Received DOM event "pagehide" for "about:blank"
1509949098609	Marionette	DEBUG	Received DOM event "unload" for "about:blank"
1509949098872	Marionette	DEBUG	Received DOM event "DOMContentLoaded" for "http://t.efang100.cc/login"
1509949098976	Marionette	DEBUG	Received DOM event "pageshow" for "http://t.efang100.cc/login"
1509949099000	Marionette	DEBUG	Received DOM event "beforeunload" for "http://t.efang100.cc/login"
1509949099405	Marionette	DEBUG	Received DOM event "pagehide" for "http://t.efang100.cc/login"
1509949099405	Marionette	DEBUG	Received DOM event "unload" for "http://t.efang100.cc/login"
1509949099610	Marionette	DEBUG	Received DOM event "DOMContentLoaded" for "http://t.efang100.cc/"
1509949099688	Marionette	DEBUG	Received DOM event "pageshow" for "http://t.efang100.cc/"
1509949099978	Marionette	DEBUG	Canceled page load listener because no navigation has been detected
Unable to read VR Path Registry from C:\Users\chenxu\AppData\Local\openvr\openvrpaths.vrpath
[Parent 17868] WARNING: pipe error: 109: file z:/build/build/src/ipc/chromium/src/chrome/common/ipc_channel_win.cc, line 346
[Parent 17868] WARNING: pipe error: 109: file z:/build/build/src/ipc/chromium/src/chrome/common/ipc_channel_win.cc, line 346
Unable to read VR Path Registry from C:\Users\chenxu\AppData\Local\openvr\openvrpaths.vrpath
[Child 1712] WARNING: pipe error: 109: file z:/build/build/src/ipc/chromium/src/chrome/common/ipc_channel_win.cc, line 346
[Child 1712] WARNING: pipe error: 109: file z:/build/build/src/ipc/chromium/src/chrome/common/ipc_channel_win.cc, line 346
Unable to read VR Path Registry from C:\Users\chenxu\AppData\Local\openvr\openvrpaths.vrpath
[Child 18364] WARNING: pipe error: 109: file z:/build/build/src/ipc/chromium/src/chrome/common/ipc_channel_win.cc, line 346
1509949115837	addons.productaddons	WARN	Failed downloading via XHR, status: 0, reason: error
1509949115921	addons.productaddons	WARN	Failed downloading via XHR, status: 0, reason: error
*** UTM:SVC TimerManager:registerTimer called after profile-before-change notification. Ignoring timer registration for id: recipe-client-addon-run
*** UTM:SVC TimerManager:unregisterTimer - id: recipe-client-addon-run
JavaScript error: jar:file:///C:/Program%20Files%20(x86)/Mozilla%20Firefox/omni.ja!/components/nsUpdateTimerManager.js, line 342: TypeError: invalid 'in' operand this._timers
JavaScript error: resource://gre/modules/AsyncShutdown.jsm, line 676: Error: Phase "profile-before-change" is finished, it is too late to register completion condition "ShieldRecipeClient: Cleaning up"
*** UTM:SVC TimerManager:registerTimer - id: telemetry_modules_ping
*** UTM:SVC TimerManager:registerTimer called after profile-before-change notification. Ignoring timer registration for id: telemetry_modules_ping

###!!! [Child][MessageChannel::SendAndWait] Error: Channel error: cannot send/recv

1509949130520	geckodriver	INFO	geckodriver 0.18.0
1509949130532	geckodriver	INFO	Listening on 127.0.0.1:59791
1509949132594	geckodriver::marionette	INFO	Starting browser C:\Program Files (x86)\Mozilla Firefox\firefox.exe with args ["-marionette"]
1509949133300	addons.xpi	WARN	Error parsing extensions state: [Exception... "Component returned failure code: 0x80520012 (NS_ERROR_FILE_NOT_FOUND) [amIAddonManagerStartup.readStartupData]"  nsresult: "0x80520012 (NS_ERROR_FILE_NOT_FOUND)"  location: "JS frame :: resource://gre/modules/addons/XPIProvider.jsm :: loadExtensionState :: line 1554"  data: no] Stack trace: loadExtensionState()@resource://gre/modules/addons/XPIProvider.jsm:1554 < getInstallState()@resource://gre/modules/addons/XPIProvider.jsm:1589 < checkForChanges()@resource://gre/modules/addons/XPIProvider.jsm:3109 < startup()@resource://gre/modules/addons/XPIProvider.jsm:2188 < callProvider()@resource://gre/modules/AddonManager.jsm:269 < _startProvider()@resource://gre/modules/AddonManager.jsm:739 < startup()@resource://gre/modules/AddonManager.jsm:906 < startup()@resource://gre/modules/AddonManager.jsm:3090 < observe()@jar:file:///C:/Program%20Files%20(x86)/Mozilla%20Firefox/omni.ja!/components/addonManager.js:65
1509949133776	Marionette	INFO	Enabled via --marionette
Unable to read VR Path Registry from C:\Users\chenxu\AppData\Local\openvr\openvrpaths.vrpath
[Child 10560] WARNING: pipe error: 109: file z:/build/build/src/ipc/chromium/src/chrome/common/ipc_channel_win.cc, line 346
[Child 10560] WARNING: pipe error: 109: file z:/build/build/src/ipc/chromium/src/chrome/common/ipc_channel_win.cc, line 346
1509949136665	Marionette	INFO	Listening on port 59800
1509949136758	Marionette	WARN	TLS certificate errors will be ignored for this session
1509949136857	Marionette	DEBUG	Register listener.js for window 4294967297
1509949136969	Marionette	DEBUG	Received DOM event "beforeunload" for "about:blank"
1509949137288	Marionette	DEBUG	Received DOM event "pagehide" for "about:blank"
1509949137289	Marionette	DEBUG	Received DOM event "unload" for "about:blank"
1509949137593	Marionette	DEBUG	Received DOM event "DOMContentLoaded" for "http://t.efang100.cc/login"
1509949137721	Marionette	DEBUG	Received DOM event "pageshow" for "http://t.efang100.cc/login"
1509949137747	Marionette	DEBUG	Received DOM event "beforeunload" for "http://t.efang100.cc/login"
1509949138081	Marionette	DEBUG	Received DOM event "pagehide" for "http://t.efang100.cc/login"
1509949138081	Marionette	DEBUG	Received DOM event "unload" for "http://t.efang100.cc/login"
1509949138279	Marionette	DEBUG	Received DOM event "DOMContentLoaded" for "http://t.efang100.cc/"
1509949138412	Marionette	DEBUG	Received DOM event "pageshow" for "http://t.efang100.cc/"
1509949143731	Marionette	DEBUG	Canceled page load listener because no navigation has been detected
Unable to read VR Path Registry from C:\Users\chenxu\AppData\Local\openvr\openvrpaths.vrpath
[Child 14380] WARNING: pipe error: 109: file z:/build/build/src/ipc/chromium/src/chrome/common/ipc_channel_win.cc, line 346
Unable to read VR Path Registry from C:\Users\chenxu\AppData\Local\openvr\openvrpaths.vrpath
[Child 8928] WARNING: pipe error: 109: file z:/build/build/src/ipc/chromium/src/chrome/common/ipc_channel_win.cc, line 346
[Child 8928] WARNING: pipe error: 109: file z:/build/build/src/ipc/chromium/src/chrome/common/ipc_channel_win.cc, line 346

###!!! [Child][MessageChannel::SendAndWait] Error: Channel error: cannot send/recv

Unable to read VR Path Registry from C:\Users\chenxu\AppData\Local\openvr\openvrpaths.vrpath
